{"name": "test_verify_login_with_valid_ess_credentials", "status": "failed", "statusDetails": {"message": "AssertionError: Page URL expected to be 're.compile('.*dashboard.*')'\nActual value: https://opensource-demo.orangehrmlive.com/web/index.php/auth/login \nCall log:\n  - Expect \"to_have_url\" with timeout 5000ms\n    - waiting for\" https://opensource-demo.orangehrmlive.com/web/index.php/auth/validate\" navigation to finish...\n    - navigated to \"https://opensource-demo.orangehrmlive.com/web/index.php/auth/login\"\n    7 × unexpected value \"https://opensource-demo.orangehrmlive.com/web/index.php/auth/login\"", "trace": "fixturefunc = <function verify_login at 0x0000023D5C5F9300>, request = <FixtureRequest for <Function test_verify_login_with_valid_ess_credentials>>\nkwargs = {'page': <Page url='https://opensource-demo.orangehrmlive.com/web/index.php/auth/login'>}\n\n    def call_fixture_func(\n        fixturefunc: _FixtureFunc[FixtureValue], request: FixtureRequest, kwargs\n    ) -> FixtureValue:\n        if inspect.isgeneratorfunction(fixturefunc):\n            fixturefunc = cast(Callable[..., Generator[FixtureValue]], fixturefunc)\n            generator = fixturefunc(**kwargs)\n            try:\n                fixture_result = next(generator)\n            except StopIteration:\n                raise ValueError(f\"{request.fixturename} did not yield a value\") from None\n            finalizer = functools.partial(_teardown_yield_fixture, fixturefunc, generator)\n            request.addfinalizer(finalizer)\n        else:\n            fixturefunc = cast(Callable[..., FixtureValue], fixturefunc)\n>           fixture_result = fixturefunc(**kwargs)\n                             ^^^^^^^^^^^^^^^^^^^^^\n\n.venv\\Lib\\site-packages\\_pytest\\fixtures.py:915: \n_ _ _ _ _ _ _ _ _ _ _ _ _ _ _ _ _ _ _ _ _ _ _ _ _ _ _ _ _ _ _ _ _ _ _ _ _ _ _ _ _ _ _ _ _ _ _ _ _ _ _ _ _ _ _ _ _ _ _ _ _ _ _ _ _ _ _ _ _ _ _ _ _ _ _ _ _ _ _\n\npage = <Page url='https://opensource-demo.orangehrmlive.com/web/index.php/auth/login'>\n\n    @then('the user should be redirected to the dashboard page')\n    def verify_login(page):\n>       expect(page).to_have_url(re.compile(r\".*dashboard.*\"))\nE       AssertionError: Page URL expected to be 're.compile('.*dashboard.*')'\nE       Actual value: https://opensource-demo.orangehrmlive.com/web/index.php/auth/login \nE       Call log:\nE         - Expect \"to_have_url\" with timeout 5000ms\nE           - waiting for\" https://opensource-demo.orangehrmlive.com/web/index.php/auth/validate\" navigation to finish...\nE           - navigated to \"https://opensource-demo.orangehrmlive.com/web/index.php/auth/login\"\nE           7 × unexpected value \"https://opensource-demo.orangehrmlive.com/web/index.php/auth/login\"\n\norange-hrm-automation\\steps_definations\\test_essLogin_steps.py:32: AssertionError"}, "description": "C:\\Users\\Unthinkable-Lap\\Desktop\\Pytest -training\\orangehrm-assigment\\orange-hrm-automation\\features\\ESSlogin.feature: Verify login with valid ESS credentials", "start": 1771819896900, "stop": 1771819920741, "uuid": "24f7ef0e-a3ed-475b-94bb-44d7bff77776", "historyId": "aa70dbd76d2dc7f8445118f7e6fa9cf8", "testCaseId": "aa70dbd76d2dc7f8445118f7e6fa9cf8", "fullName": "orange-hrm-automation.steps_definations.test_essLogin_steps#test_verify_login_with_valid_ess_credentials", "labels": [{"name": "parentSuite", "value": "orange-hrm-automation.steps_definations"}, {"name": "suite", "value": "test_essLogin_steps"}, {"name": "host", "value": "PG02A595"}, {"name": "thread", "value": "7640-MainThread"}, {"name": "framework", "value": "pytest"}, {"name": "language", "value": "cpython3"}, {"name": "package", "value": "orange-hrm-automation.steps_definations.test_essLogin_steps"}], "titlePath": ["orange-hrm-automation", "steps_definations", "test_essLogin_steps.py"]}