{"name": "test_verify_login_with_invalid_credentials[aadmin-admin123]", "status": "failed", "statusDetails": {"message": "AssertionError: Locator expected to contain text 'Invalid credentials'\nActual value: None\nError: element(s) not found \nCall log:\n  - Expect \"to_contain_text\" with timeout 5000ms\n  - waiting for locator(\".oxd-text.oxd-text--p.oxd-alert-content-text\")\n    - waiting for\" https://opensource-demo.orangehrmlive.com/web/index.php/auth/validate\" navigation to finish...\n    - navigated to \"https://opensource-demo.orangehrmlive.com/web/index.php/auth/login\"", "trace": "fixturefunc = <function verify_error at 0x000001B4A2F2A2A0>\nrequest = <FixtureRequest for <Function test_verify_login_with_invalid_credentials[aadmin-admin123]>>\nkwargs = {'error_msg': 'Invalid credentials', 'page': <Page url='https://opensource-demo.orangehrmlive.com/web/index.php/auth/login'>}\n\n    def call_fixture_func(\n        fixturefunc: _FixtureFunc[FixtureValue], request: FixtureRequest, kwargs\n    ) -> FixtureValue:\n        if inspect.isgeneratorfunction(fixturefunc):\n            fixturefunc = cast(Callable[..., Generator[FixtureValue]], fixturefunc)\n            generator = fixturefunc(**kwargs)\n            try:\n                fixture_result = next(generator)\n            except StopIteration:\n                raise ValueError(f\"{request.fixturename} did not yield a value\") from None\n            finalizer = functools.partial(_teardown_yield_fixture, fixturefunc, generator)\n            request.addfinalizer(finalizer)\n        else:\n            fixturefunc = cast(Callable[..., FixtureValue], fixturefunc)\n>           fixture_result = fixturefunc(**kwargs)\n                             ^^^^^^^^^^^^^^^^^^^^^\n\n..\\.venv\\Lib\\site-packages\\_pytest\\fixtures.py:915: \n_ _ _ _ _ _ _ _ _ _ _ _ _ _ _ _ _ _ _ _ _ _ _ _ _ _ _ _ _ _ _ _ _ _ _ _ _ _ _ _ _ _ _ _ _ _ _ _ _ _ _ _ _ _ _ _ _ _ _ _ _ _ _ _ _ _ _ _ _ _ _ _ _ _ _ _ _ _ _\n\npage = <Page url='https://opensource-demo.orangehrmlive.com/web/index.php/auth/login'>, error_msg = 'Invalid credentials'\n\n    @then(parsers.parse('the user should see error message \"{error_msg}\"'))\n    def verify_error(page, error_msg):\n        login_page = LoginPage(page)\n        actual_error_msg = login_page.error_message\n>       expect(actual_error_msg).to_contain_text(error_msg)\nE       AssertionError: Locator expected to contain text 'Invalid credentials'\nE       Actual value: None\nE       Error: element(s) not found \nE       Call log:\nE         - Expect \"to_contain_text\" with timeout 5000ms\nE         - waiting for locator(\".oxd-text.oxd-text--p.oxd-alert-content-text\")\nE           - waiting for\" https://opensource-demo.orangehrmlive.com/web/index.php/auth/validate\" navigation to finish...\nE           - navigated to \"https://opensource-demo.orangehrmlive.com/web/index.php/auth/login\"\n\nsteps_definations\\test_login_steps.py:33: AssertionError"}, "description": "C:\\Users\\Unthinkable-Lap\\Desktop\\Pytest -training\\orangehrm-assigment\\orange-hrm-automation\\features\\login.feature: Verify login with invalid credentials", "parameters": [{"name": "_pytest_bdd_example", "value": "{'username': 'aadmin', 'password': 'admin123'}"}], "start": 1770728848147, "stop": 1770728868630, "uuid": "fc7a93ee-94a7-449a-95f1-33136f5cb8c6", "historyId": "4d10c17a2c0e6a5aa62bad1dbcdec80a", "testCaseId": "399fe567766a5b261a704246e5ce52e4", "fullName": "steps_definations.test_login_steps#test_verify_login_with_invalid_credentials", "labels": [{"name": "parentSuite", "value": "steps_definations"}, {"name": "suite", "value": "test_login_steps"}, {"name": "host", "value": "PG02A595"}, {"name": "thread", "value": "2696-MainThread"}, {"name": "framework", "value": "pytest"}, {"name": "language", "value": "cpython3"}, {"name": "package", "value": "steps_definations.test_login_steps"}], "titlePath": ["steps_definations", "test_login_steps.py"]}