{"name": "test_verify_login_with_valid_admin_credentials", "status": "failed", "statusDetails": {"message": "AssertionError: Page URL expected to be 're.compile('.*dashboard.*')'\nActual value: https://opensource-demo.orangehrmlive.com/web/index.php/auth/login \nCall log:\n  - Expect \"to_have_url\" with timeout 5000ms\n    2 × unexpected value \"https://opensource-demo.orangehrmlive.com/web/index.php/auth/login\"\n    - waiting for\" https://opensource-demo.orangehrmlive.com/web/index.php/auth/validate\" navigation to finish...", "trace": "fixturefunc = <function verify_login at 0x000001B4A2F2A0C0>, request = <FixtureRequest for <Function test_verify_login_with_valid_admin_credentials>>\nkwargs = {'page': <Page url='https://opensource-demo.orangehrmlive.com/web/index.php/auth/login'>}\n\n    def call_fixture_func(\n        fixturefunc: _FixtureFunc[FixtureValue], request: FixtureRequest, kwargs\n    ) -> FixtureValue:\n        if inspect.isgeneratorfunction(fixturefunc):\n            fixturefunc = cast(Callable[..., Generator[FixtureValue]], fixturefunc)\n            generator = fixturefunc(**kwargs)\n            try:\n                fixture_result = next(generator)\n            except StopIteration:\n                raise ValueError(f\"{request.fixturename} did not yield a value\") from None\n            finalizer = functools.partial(_teardown_yield_fixture, fixturefunc, generator)\n            request.addfinalizer(finalizer)\n        else:\n            fixturefunc = cast(Callable[..., FixtureValue], fixturefunc)\n>           fixture_result = fixturefunc(**kwargs)\n                             ^^^^^^^^^^^^^^^^^^^^^\n\n..\\.venv\\Lib\\site-packages\\_pytest\\fixtures.py:915: \n_ _ _ _ _ _ _ _ _ _ _ _ _ _ _ _ _ _ _ _ _ _ _ _ _ _ _ _ _ _ _ _ _ _ _ _ _ _ _ _ _ _ _ _ _ _ _ _ _ _ _ _ _ _ _ _ _ _ _ _ _ _ _ _ _ _ _ _ _ _ _ _ _ _ _ _ _ _ _\n\npage = <Page url='https://opensource-demo.orangehrmlive.com/web/index.php/auth/login'>\n\n    @then('the user should be redirected to the dashboard page')\n    def verify_login(page):\n>       expect(page).to_have_url(re.compile(r\".*dashboard.*\"))\nE       AssertionError: Page URL expected to be 're.compile('.*dashboard.*')'\nE       Actual value: https://opensource-demo.orangehrmlive.com/web/index.php/auth/login \nE       Call log:\nE         - Expect \"to_have_url\" with timeout 5000ms\nE           2 × unexpected value \"https://opensource-demo.orangehrmlive.com/web/index.php/auth/login\"\nE           - waiting for\" https://opensource-demo.orangehrmlive.com/web/index.php/auth/validate\" navigation to finish...\n\nsteps_definations\\test_login_steps.py:27: AssertionError"}, "description": "C:\\Users\\Unthinkable-Lap\\Desktop\\Pytest -training\\orangehrm-assigment\\orange-hrm-automation\\features\\login.feature: Verify login with valid admin credentials", "start": 1770728806294, "stop": 1770728827494, "uuid": "968d6af2-091f-4c63-bbd9-1a26f7585619", "historyId": "3a2c9740d8c18c9ec267481aabec719c", "testCaseId": "3a2c9740d8c18c9ec267481aabec719c", "fullName": "steps_definations.test_login_steps#test_verify_login_with_valid_admin_credentials", "labels": [{"name": "parentSuite", "value": "steps_definations"}, {"name": "suite", "value": "test_login_steps"}, {"name": "host", "value": "PG02A595"}, {"name": "thread", "value": "2696-MainThread"}, {"name": "framework", "value": "pytest"}, {"name": "language", "value": "cpython3"}, {"name": "package", "value": "steps_definations.test_login_steps"}], "titlePath": ["steps_definations", "test_login_steps.py"]}